Using pre-set license
Built from '2021.1/staging' branch; Version is '2021.1.6f1 (c0fade0cc7e9) revision 12647134'; Using compiler version '192528614'; Build Type 'Release'
OS: 'Windows 10 Pro; OS build 19043.1165; Version 2009; 64bit' Language: 'en' Physical Memory: 8072 MB
BatchMode: 1, IsHumanControllingUs: 0, StartBugReporterOnCrash: 0, Is64bit: 1, IsPro: 0

 COMMAND LINE ARGUMENTS:
C:\Program Files\Unity 2021.1.6f1\Editor\Unity.exe
-adb2
-batchMode
-noUpm
-name
AssetImportWorker2
-projectPath
C:/git/lessons/incapsulation
-logFile
Logs/AssetImportWorker2.log
-srvPort
54930
Successfully changed project path to: C:/git/lessons/incapsulation
C:/git/lessons/incapsulation
Using Asset Import Pipeline V2.
Refreshing native plugins compatible for Editor in 438.92 ms, found 1 plugins.
Preloading 0 native plugins for Editor in 0.00 ms.
Initialize engine version: 2021.1.6f1 (c0fade0cc7e9)
[Subsystems] Discovering subsystems at path C:/Program Files/Unity 2021.1.6f1/Editor/Data/Resources/UnitySubsystems
[Subsystems] Discovering subsystems at path C:/git/lessons/incapsulation/Assets
GfxDevice: creating device client; threaded=0; jobified=0
Direct3D:
    Version:  Direct3D 11.0 [level 10.1]
    Renderer: Intel(R) HD Graphics 3000 (ID=0x126)
    Vendor:   Intel
    VRAM:     128 MB
    Driver:   9.17.10.4459
Initialize mono
Mono path[0] = 'C:/Program Files/Unity 2021.1.6f1/Editor/Data/Managed'
Mono path[1] = 'C:/Program Files/Unity 2021.1.6f1/Editor/Data/MonoBleedingEdge/lib/mono/unityjit'
Mono config path = 'C:/Program Files/Unity 2021.1.6f1/Editor/Data/MonoBleedingEdge/etc'
Using monoOptions --debugger-agent=transport=dt_socket,embedding=1,server=y,suspend=n,address=127.0.0.1:56172
Begin MonoManager ReloadAssembly
Registering precompiled unity dll's ...
Register platform support module: C:/Program Files/Unity 2021.1.6f1/Editor/Data/PlaybackEngines/WindowsStandaloneSupport/UnityEditor.WindowsStandalone.Extensions.dll
Registered in 0.005423 seconds.
Native extension for WindowsStandalone target not found
Refreshing native plugins compatible for Editor in 228.74 ms, found 1 plugins.
Preloading 0 native plugins for Editor in 0.00 ms.
Mono: successfully reloaded assembly
- Completed reload, in  5.136 seconds
Platform modules already initialized, skipping
Registering precompiled user dll's ...
Registered in 0.022708 seconds.
Begin MonoManager ReloadAssembly
Native extension for WindowsStandalone target not found
Refreshing native plugins compatible for Editor in 1.04 ms, found 1 plugins.
Preloading 0 native plugins for Editor in 0.00 ms.
Mono: successfully reloaded assembly
- Completed reload, in  3.935 seconds
Platform modules already initialized, skipping
========================================================================
Worker process is ready to serve import requests
Launched and connected shader compiler UnityShaderCompiler.exe after 0.78 seconds
Refreshing native plugins compatible for Editor in 1.43 ms, found 1 plugins.
Preloading 0 native plugins for Editor in 0.00 ms.
Unloading 2669 Unused Serialized files (Serialized files now loaded: 0)
System memory in use before: 98.5 MB.
System memory in use after: 98.6 MB.

Unloading 15 unused Assets to reduce memory usage. Loaded Objects now: 3121.
Total: 9.878300 ms (FindLiveObjects: 0.827000 ms CreateObjectMapping: 0.526600 ms MarkObjects: 8.074700 ms  DeleteObjects: 0.445700 ms)

========================================================================
Received Import Request.
  path: Assets/Scripts/Interateble.cs
  artifactKey: Guid(0a193cf24b328344e8e0486e11b604bf) Importer(815301076,1909f56bfc062723c751e8b465ee728b)
Start importing Assets/Scripts/Interateble.cs using Guid(0a193cf24b328344e8e0486e11b604bf) Importer(815301076,1909f56bfc062723c751e8b465ee728b)  -> (artifact id: 'c66c8fd6decdf3c6db16f7df2428f8a8') in 0.082437 seconds 
========================================================================
Received Import Request.
  Time since last request: 119.966111 seconds.
  path: Assets/Scripts/Interateble.cs
  artifactKey: Guid(0a193cf24b328344e8e0486e11b604bf) Importer(815301076,1909f56bfc062723c751e8b465ee728b)
Start importing Assets/Scripts/Interateble.cs using Guid(0a193cf24b328344e8e0486e11b604bf) Importer(815301076,1909f56bfc062723c751e8b465ee728b)  -> (artifact id: 'bb30a8aeac72e081961795a93c3da37d') in 0.060551 seconds 
AssetImportWorkerClient::OnTransportError - code=2 error=End of file
